Arguments: 
  C:\Program Files\nodejs\node.exe C:\Users\HP\AppData\Roaming\npm\node_modules\yarn\bin\yarn.js add @reduxjs/toolkit react-redux

PATH: 
  C:\Program Files\Java\jdk1.8.0_91\bin;C:\Windows\system32;C:\Windows;C:\Windows\System32\Wbem;C:\Windows\System32\WindowsPowerShell\v1.0\;C:\Windows\System32\OpenSSH\;C:\Program Files (x86)\NVIDIA Corporation\PhysX\Common;C:\WINDOWS\system32;C:\WINDOWS;C:\WINDOWS\System32\Wbem;C:\WINDOWS\System32\WindowsPowerShell\v1.0\;C:\WINDOWS\System32\OpenSSH\;C:\Program Files (x86)\Microsoft SQL Server\100\Tools\Binn\;C:\Program Files\Microsoft SQL Server\100\Tools\Binn\;C:\Program Files\Microsoft SQL Server\100\DTS\Binn\;C:\Program Files (x86)\mingw-w64\i686-8.1.0-posix-dwarf-rt_v6-rev0\mingw32\bin;C:\Program Files\Git\cmd;C:\Program Files\nodejs\;C:\Program Files\Java\jdk1.8.0_91\bin;C:\Users\HP\AppData\Local\Microsoft\WindowsApps;C:\Users\HP\AppData\Local\atom\bin;C:\Users\HP\AppData\Local\Programs\Microsoft VS Code\bin;C:\Program Files (x86)\mingw-w64\i686-8.1.0-posix-dwarf-rt_v6-rev0\mingw32\bin;C:\Program Files\Java\jdk1.8.0_91\bin;C:\Users\HP\AppData\Roaming\npm

Yarn version: 
  1.22.19

Node version: 
  16.17.0

Platform: 
  win32 x64

Trace: 
  Error: EPERM: operation not permitted, unlink 'D:\PERSONAL\ANG\ProjectNext\nextproject\node_modules\@next\swc-win32-x64-msvc\next-swc.win32-x64-msvc.node'

npm manifest: 
  {
    "name": "nextproject",
    "version": "0.1.0",
    "private": true,
    "scripts": {
      "dev": "next dev",
      "build": "next build",
      "start": "next start",
      "lint": "next lint"
    },
    "dependencies": {
      "@types/react": "18.0.26",
      "@types/react-dom": "18.0.9",
      "bootstrap": "^5.2.3",
      "connect": "^3.7.0",
      "eslint": "8.29.0",
      "eslint-config-next": "13.0.6",
      "formidable": "^2.1.1",
      "mongoose": "^6.8.0",
      "multer": "^1.4.5-lts.1",
      "mv": "^2.1.1",
      "next": "13.0.6",
      "next-connect": "^0.13.0",
      "react": "18.2.0",
      "react-alice-carousel": "^2.7.0",
      "react-dom": "18.2.0",
      "react-owl-carousel": "^2.3.3",
      "react-responsive-carousel": "^3.2.23",
      "react-table": "^7.8.0",
      "typescript": "4.9.4"
    },
    "devDependencies": {
      "@types/formidable": "^2.0.5",
      "@types/jquery": "^3.5.14",
      "@types/multer": "^1.4.7",
      "@types/node": "^18.11.18",
      "@types/react-table": "^7.7.14"
    }
  }

yarn manifest: 
  No manifest

Lockfile: 
  No lockfile
